Arguments: 
  /Users/ajainvivek/.nvm/versions/node/v9.7.1/bin/node /usr/local/bin/yarn run sqlz:migrate

PATH: 
  /Users/ajainvivek/SMDev/infrastructure-deploy:/usr/local/mysql/bin:/Users/ajainvivek/.sdkman/candidates/grails/current/bin:/Users/ajainvivek/.nvm/versions/node/v9.7.1/bin:/usr/local/bin:/usr/bin:/bin:/usr/sbin:/sbin

Yarn version: 
  1.5.1

Node version: 
  9.7.1

Platform: 
  darwin x64

npm manifest: 
  {
  	"scripts": {
  		"clean": "lerna clean",
  		"bootstrap": "npm i && lerna bootstrap",
  		"publish": "lerna publish --conventional-commits --changelog-preset angular-bitbucket --skip-npm"
  	},
  	"devDependencies": {
  		"lerna": "^2.11.0"
  	}
  }

yarn manifest: 
  No manifest

Lockfile: 
  No lockfile

Trace: 
  Error: Command "sqlz:migrate" not found.
      at new MessageError (/usr/local/lib/node_modules/yarn/lib/cli.js:186:110)
      at /usr/local/lib/node_modules/yarn/lib/cli.js:87307:17
      at Generator.next (<anonymous>)
      at step (/usr/local/lib/node_modules/yarn/lib/cli.js:98:30)
      at /usr/local/lib/node_modules/yarn/lib/cli.js:116:14
      at new Promise (<anonymous>)
      at new F (/usr/local/lib/node_modules/yarn/lib/cli.js:23451:28)
      at /usr/local/lib/node_modules/yarn/lib/cli.js:95:12
      at runCommand (/usr/local/lib/node_modules/yarn/lib/cli.js:87312:22)
      at Object.<anonymous> (/usr/local/lib/node_modules/yarn/lib/cli.js:87412:14)
